C:\cnqisoft\bin\apache-tomcat-7.0.57\webapps\Z0162S\portal\H5\officegen\node_modules\mysql\lib\protocol\Parser.js:80
        throw err; // Rethrow non-MySQL errors
        ^

TypeError: Cannot read property 'item_name' of undefined
    at docx_a (C:\cnqisoft\bin\apache-tomcat-7.0.57\webapps\Z0162S\portal\H5\officegen\docx_weekreport\make_docx.js:95:59)
    at Query.connection.query (C:\cnqisoft\bin\apache-tomcat-7.0.57\webapps\Z0162S\portal\H5\officegen\docx_weekreport\make_docx.js:82:13)
    at Query.<anonymous> (C:\cnqisoft\bin\apache-tomcat-7.0.57\webapps\Z0162S\portal\H5\officegen\node_modules\mysql\lib\Connection.js:502:10)
    at Query._callback (C:\cnqisoft\bin\apache-tomcat-7.0.57\webapps\Z0162S\portal\H5\officegen\node_modules\mysql\lib\Connection.js:468:16)
    at Query.Sequence.end (C:\cnqisoft\bin\apache-tomcat-7.0.57\webapps\Z0162S\portal\H5\officegen\node_modules\mysql\lib\protocol\sequences\Sequence.js:83:24)
    at Query._handleFinalResultPacket (C:\cnqisoft\bin\apache-tomcat-7.0.57\webapps\Z0162S\portal\H5\officegen\node_modules\mysql\lib\protocol\sequences\Query.js:139:8)
    at Query.EofPacket (C:\cnqisoft\bin\apache-tomcat-7.0.57\webapps\Z0162S\portal\H5\officegen\node_modules\mysql\lib\protocol\sequences\Query.js:123:8)
    at Protocol._parsePacket (C:\cnqisoft\bin\apache-tomcat-7.0.57\webapps\Z0162S\portal\H5\officegen\node_modules\mysql\lib\protocol\Protocol.js:278:23)
    at Parser.write (C:\cnqisoft\bin\apache-tomcat-7.0.57\webapps\Z0162S\portal\H5\officegen\node_modules\mysql\lib\protocol\Parser.js:76:12)
    at Protocol.write (C:\cnqisoft\bin\apache-tomcat-7.0.57\webapps\Z0162S\portal\H5\officegen\node_modules\mysql\lib\protocol\Protocol.js:38:16)
C:\cnqisoft\bin\apache-tomcat-7.0.57\webapps\Z0162S\portal\H5\officegen\node_modules\mysql\lib\protocol\Parser.js:80
        throw err; // Rethrow non-MySQL errors
        ^

TypeError: Cannot read property 'item_name' of undefined
    at docx_a (C:\cnqisoft\bin\apache-tomcat-7.0.57\webapps\Z0162S\portal\H5\officegen\docx_weekreport\make_docx.js:95:59)
    at Query.connection.query (C:\cnqisoft\bin\apache-tomcat-7.0.57\webapps\Z0162S\portal\H5\officegen\docx_weekreport\make_docx.js:82:13)
    at Query.<anonymous> (C:\cnqisoft\bin\apache-tomcat-7.0.57\webapps\Z0162S\portal\H5\officegen\node_modules\mysql\lib\Connection.js:502:10)
    at Query._callback (C:\cnqisoft\bin\apache-tomcat-7.0.57\webapps\Z0162S\portal\H5\officegen\node_modules\mysql\lib\Connection.js:468:16)
    at Query.Sequence.end (C:\cnqisoft\bin\apache-tomcat-7.0.57\webapps\Z0162S\portal\H5\officegen\node_modules\mysql\lib\protocol\sequences\Sequence.js:83:24)
    at Query._handleFinalResultPacket (C:\cnqisoft\bin\apache-tomcat-7.0.57\webapps\Z0162S\portal\H5\officegen\node_modules\mysql\lib\protocol\sequences\Query.js:139:8)
    at Query.EofPacket (C:\cnqisoft\bin\apache-tomcat-7.0.57\webapps\Z0162S\portal\H5\officegen\node_modules\mysql\lib\protocol\sequences\Query.js:123:8)
    at Protocol._parsePacket (C:\cnqisoft\bin\apache-tomcat-7.0.57\webapps\Z0162S\portal\H5\officegen\node_modules\mysql\lib\protocol\Protocol.js:278:23)
    at Parser.write (C:\cnqisoft\bin\apache-tomcat-7.0.57\webapps\Z0162S\portal\H5\officegen\node_modules\mysql\lib\protocol\Parser.js:76:12)
    at Protocol.write (C:\cnqisoft\bin\apache-tomcat-7.0.57\webapps\Z0162S\portal\H5\officegen\node_modules\mysql\lib\protocol\Protocol.js:38:16)
C:\cnqisoft\bin\apache-tomcat-7.0.57\webapps\Z0162S\portal\H5\officegen\node_modules\mysql\lib\protocol\Parser.js:80
        throw err; // Rethrow non-MySQL errors
        ^

TypeError: Cannot read property 'item_name' of undefined
    at docx_a (C:\cnqisoft\bin\apache-tomcat-7.0.57\webapps\Z0162S\portal\H5\officegen\docx_weekreport\make_docx.js:95:59)
    at Query.connection.query (C:\cnqisoft\bin\apache-tomcat-7.0.57\webapps\Z0162S\portal\H5\officegen\docx_weekreport\make_docx.js:82:13)
    at Query.<anonymous> (C:\cnqisoft\bin\apache-tomcat-7.0.57\webapps\Z0162S\portal\H5\officegen\node_modules\mysql\lib\Connection.js:502:10)
    at Query._callback (C:\cnqisoft\bin\apache-tomcat-7.0.57\webapps\Z0162S\portal\H5\officegen\node_modules\mysql\lib\Connection.js:468:16)
    at Query.Sequence.end (C:\cnqisoft\bin\apache-tomcat-7.0.57\webapps\Z0162S\portal\H5\officegen\node_modules\mysql\lib\protocol\sequences\Sequence.js:83:24)
    at Query._handleFinalResultPacket (C:\cnqisoft\bin\apache-tomcat-7.0.57\webapps\Z0162S\portal\H5\officegen\node_modules\mysql\lib\protocol\sequences\Query.js:139:8)
    at Query.EofPacket (C:\cnqisoft\bin\apache-tomcat-7.0.57\webapps\Z0162S\portal\H5\officegen\node_modules\mysql\lib\protocol\sequences\Query.js:123:8)
    at Protocol._parsePacket (C:\cnqisoft\bin\apache-tomcat-7.0.57\webapps\Z0162S\portal\H5\officegen\node_modules\mysql\lib\protocol\Protocol.js:278:23)
    at Parser.write (C:\cnqisoft\bin\apache-tomcat-7.0.57\webapps\Z0162S\portal\H5\officegen\node_modules\mysql\lib\protocol\Parser.js:76:12)
    at Protocol.write (C:\cnqisoft\bin\apache-tomcat-7.0.57\webapps\Z0162S\portal\H5\officegen\node_modules\mysql\lib\protocol\Protocol.js:38:16)
C:\cnqisoft\bin\apache-tomcat-7.0.57\webapps\Z0162S\portal\H5\officegen\node_modules\mysql\lib\protocol\Parser.js:80
        throw err; // Rethrow non-MySQL errors
        ^

TypeError: Cannot read property 'item_name' of undefined
    at docx_a (C:\cnqisoft\bin\apache-tomcat-7.0.57\webapps\Z0162S\portal\H5\officegen\docx_weekreport\make_docx.js:95:59)
    at Query.connection.query (C:\cnqisoft\bin\apache-tomcat-7.0.57\webapps\Z0162S\portal\H5\officegen\docx_weekreport\make_docx.js:82:13)
    at Query.<anonymous> (C:\cnqisoft\bin\apache-tomcat-7.0.57\webapps\Z0162S\portal\H5\officegen\node_modules\mysql\lib\Connection.js:502:10)
    at Query._callback (C:\cnqisoft\bin\apache-tomcat-7.0.57\webapps\Z0162S\portal\H5\officegen\node_modules\mysql\lib\Connection.js:468:16)
    at Query.Sequence.end (C:\cnqisoft\bin\apache-tomcat-7.0.57\webapps\Z0162S\portal\H5\officegen\node_modules\mysql\lib\protocol\sequences\Sequence.js:83:24)
    at Query._handleFinalResultPacket (C:\cnqisoft\bin\apache-tomcat-7.0.57\webapps\Z0162S\portal\H5\officegen\node_modules\mysql\lib\protocol\sequences\Query.js:139:8)
    at Query.EofPacket (C:\cnqisoft\bin\apache-tomcat-7.0.57\webapps\Z0162S\portal\H5\officegen\node_modules\mysql\lib\protocol\sequences\Query.js:123:8)
    at Protocol._parsePacket (C:\cnqisoft\bin\apache-tomcat-7.0.57\webapps\Z0162S\portal\H5\officegen\node_modules\mysql\lib\protocol\Protocol.js:278:23)
    at Parser.write (C:\cnqisoft\bin\apache-tomcat-7.0.57\webapps\Z0162S\portal\H5\officegen\node_modules\mysql\lib\protocol\Parser.js:76:12)
    at Protocol.write (C:\cnqisoft\bin\apache-tomcat-7.0.57\webapps\Z0162S\portal\H5\officegen\node_modules\mysql\lib\protocol\Protocol.js:38:16)
