2019-06-03 17:22:30 - Starting C:\Program Files\nodejs\node.exe  --harmony C:\cnqisoft\bin\apache-tomcat-7.0.57\webapps\Z0162S\portal\H5\officegen\node_modules\node-windows\lib\wrapper.js --file C:\cnqisoft\bin\apache-tomcat-7.0.57\webapps\Z0162S\portal\H5\officegen\docx_weekreport\make_docx.js --log "weekreport_docx wrapper" --grow 0.25 --wait 1 --maxrestarts 40 --abortonerror n --stopparentfirst undefined
2019-06-03 17:22:30 - Started 7384
2019-06-19 14:19:31 - Stopping weekreport_docx.exe
2019-06-19 14:19:31 - ProcessKill 7384
2019-06-19 14:19:53 - Shutdown exception
Message:“System.Management.ManagementPath”的类型初始值设定项引发异常。
Stacktrace:   在 System.Management.ManagementScope._Clone(ManagementScope scope, IdentifierChangedEventHandler handler)
   在 System.Management.ManagementObjectSearcher..ctor(ManagementScope scope, ObjectQuery query, EnumerationOptions options)
   在 winsw.WrapperService.GetChildPids(Int32 pid)
   在 winsw.WrapperService.StopProcessAndChildren(Int32 pid)
   在 winsw.WrapperService.StopIt()
   在 winsw.WrapperService.OnShutdown()
2019-06-19 16:22:13 - Starting C:\Program Files\nodejs\node.exe  --harmony C:\cnqisoft\bin\apache-tomcat-7.0.57\webapps\Z0162S\portal\H5\officegen\node_modules\node-windows\lib\wrapper.js --file C:\cnqisoft\bin\apache-tomcat-7.0.57\webapps\Z0162S\portal\H5\officegen\docx_weekreport\make_docx.js --log "weekreport_docx wrapper" --grow 0.25 --wait 1 --maxrestarts 40 --abortonerror n --stopparentfirst undefined
2019-06-19 16:22:14 - Started 4920
2019-07-08 18:44:18 - Stopping weekreport_docx.exe
2019-07-08 18:44:18 - ProcessKill 4920
2019-07-08 18:44:18 - Found child process: 4952 Name: conhost.exe
2019-07-08 18:44:18 - Found child process: 5460 Name: node.exe
2019-07-08 18:44:19 - Stopping process 4952
2019-07-08 18:44:19 - Send SIGINT 4952
2019-07-08 18:44:19 - SIGINT to 4952 failed - Killing as fallback
2019-07-08 18:44:19 - Stopping process 5460
2019-07-08 18:44:19 - Send SIGINT 5460
2019-07-08 18:44:19 - SIGINT to 5460 failed - Killing as fallback
2019-07-08 18:44:19 - Stopping process 4920
2019-07-08 18:44:19 - Send SIGINT 4920
2019-07-08 18:44:19 - SIGINT to 4920 failed - Killing as fallback
2019-07-08 18:44:19 - Finished weekreport_docx.exe
2019-07-09 11:45:29 - Starting C:\Program Files\nodejs\node.exe  --harmony C:\cnqisoft\bin\apache-tomcat-7.0.57\webapps\Z0162S\portal\H5\officegen\node_modules\node-windows\lib\wrapper.js --file C:\cnqisoft\bin\apache-tomcat-7.0.57\webapps\Z0162S\portal\H5\officegen\docx_weekreport\make_docx.js --log "weekreport_docx wrapper" --grow 0.25 --wait 1 --maxrestarts 40 --abortonerror n --stopparentfirst undefined
2019-07-09 11:45:29 - Started 4304
2019-07-29 11:24:30 - Starting C:\Program Files\nodejs\node.exe  --harmony C:\cnqisoft\bin\apache-tomcat-7.0.57\webapps\Z0162S\portal\H5\officegen\node_modules\node-windows\lib\wrapper.js --file C:\cnqisoft\bin\apache-tomcat-7.0.57\webapps\Z0162S\portal\H5\officegen\docx_weekreport\make_docx.js --log "weekreport_docx wrapper" --grow 0.25 --wait 1 --maxrestarts 40 --abortonerror n --stopparentfirst undefined
2019-07-29 11:24:30 - Started 8168
2019-08-27 12:22:28 - Starting C:\Program Files\nodejs\node.exe  --harmony C:\cnqisoft\bin\apache-tomcat-7.0.57\webapps\Z0162S\portal\H5\officegen\node_modules\node-windows\lib\wrapper.js --file C:\cnqisoft\bin\apache-tomcat-7.0.57\webapps\Z0162S\portal\H5\officegen\docx_weekreport\make_docx.js --log "weekreport_docx wrapper" --grow 0.25 --wait 1 --maxrestarts 40 --abortonerror n --stopparentfirst undefined
2019-08-27 12:22:31 - Started 4880
2019-12-02 16:28:08 - Starting C:\Program Files\nodejs\node.exe  --harmony C:\cnqisoft\bin\apache-tomcat-7.0.57\webapps\Z0162S\portal\H5\officegen\node_modules\node-windows\lib\wrapper.js --file C:\cnqisoft\bin\apache-tomcat-7.0.57\webapps\Z0162S\portal\H5\officegen\docx_weekreport\make_docx.js --log "weekreport_docx wrapper" --grow 0.25 --wait 1 --maxrestarts 40 --abortonerror n --stopparentfirst undefined
2019-12-02 16:28:09 - Started 4728
2019-12-02 22:15:30 - Starting C:\Program Files\nodejs\node.exe  --harmony C:\cnqisoft\bin\apache-tomcat-7.0.57\webapps\Z0162S\portal\H5\officegen\node_modules\node-windows\lib\wrapper.js --file C:\cnqisoft\bin\apache-tomcat-7.0.57\webapps\Z0162S\portal\H5\officegen\docx_weekreport\make_docx.js --log "weekreport_docx wrapper" --grow 0.25 --wait 1 --maxrestarts 40 --abortonerror n --stopparentfirst undefined
2019-12-02 22:15:32 - Started 5108
2019-12-08 22:17:02 - Starting C:\Program Files\nodejs\node.exe  --harmony C:\cnqisoft\bin\apache-tomcat-7.0.57\webapps\Z0162S\portal\H5\officegen\node_modules\node-windows\lib\wrapper.js --file C:\cnqisoft\bin\apache-tomcat-7.0.57\webapps\Z0162S\portal\H5\officegen\docx_weekreport\make_docx.js --log "weekreport_docx wrapper" --grow 0.25 --wait 1 --maxrestarts 40 --abortonerror n --stopparentfirst undefined
2019-12-08 22:17:03 - Started 836
2019-12-25 22:25:51 - Starting C:\Program Files\nodejs\node.exe  --harmony C:\cnqisoft\bin\apache-tomcat-7.0.57\webapps\Z0162S\portal\H5\officegen\node_modules\node-windows\lib\wrapper.js --file C:\cnqisoft\bin\apache-tomcat-7.0.57\webapps\Z0162S\portal\H5\officegen\docx_weekreport\make_docx.js --log "weekreport_docx wrapper" --grow 0.25 --wait 1 --maxrestarts 40 --abortonerror n --stopparentfirst undefined
2019-12-25 22:25:52 - Started 4856
2019-12-27 15:38:30 - Starting C:\Program Files\nodejs\node.exe  --harmony C:\cnqisoft\bin\apache-tomcat-7.0.57\webapps\Z0162S\portal\H5\officegen\node_modules\node-windows\lib\wrapper.js --file C:\cnqisoft\bin\apache-tomcat-7.0.57\webapps\Z0162S\portal\H5\officegen\docx_weekreport\make_docx.js --log "weekreport_docx wrapper" --grow 0.25 --wait 1 --maxrestarts 40 --abortonerror n --stopparentfirst undefined
2019-12-27 15:38:32 - Started 4968
2020-04-23 09:34:28 - Starting C:\Program Files\nodejs\node.exe  --harmony C:\cnqisoft\bin\apache-tomcat-7.0.57\webapps\Z0162S\portal\H5\officegen\node_modules\node-windows\lib\wrapper.js --file C:\cnqisoft\bin\apache-tomcat-7.0.57\webapps\Z0162S\portal\H5\officegen\docx_weekreport\make_docx.js --log "weekreport_docx wrapper" --grow 0.25 --wait 1 --maxrestarts 40 --abortonerror n --stopparentfirst undefined
2020-04-23 09:34:29 - Started 5032
2020-04-27 14:25:43 - Starting C:\Program Files\nodejs\node.exe  --harmony C:\cnqisoft\bin\apache-tomcat-7.0.57\webapps\Z0162S\portal\H5\officegen\node_modules\node-windows\lib\wrapper.js --file C:\cnqisoft\bin\apache-tomcat-7.0.57\webapps\Z0162S\portal\H5\officegen\docx_weekreport\make_docx.js --log "weekreport_docx wrapper" --grow 0.25 --wait 1 --maxrestarts 40 --abortonerror n --stopparentfirst undefined
2020-04-27 14:25:45 - Started 5100
2020-04-28 08:50:48 - Starting C:\Program Files\nodejs\node.exe  --harmony C:\cnqisoft\bin\apache-tomcat-7.0.57\webapps\Z0162S\portal\H5\officegen\node_modules\node-windows\lib\wrapper.js --file C:\cnqisoft\bin\apache-tomcat-7.0.57\webapps\Z0162S\portal\H5\officegen\docx_weekreport\make_docx.js --log "weekreport_docx wrapper" --grow 0.25 --wait 1 --maxrestarts 40 --abortonerror n --stopparentfirst undefined
2020-04-28 08:50:50 - Started 5380
2020-05-06 14:17:52 - Starting C:\Program Files\nodejs\node.exe  --harmony C:\cnqisoft\bin\apache-tomcat-7.0.57\webapps\Z0162S\portal\H5\officegen\node_modules\node-windows\lib\wrapper.js --file C:\cnqisoft\bin\apache-tomcat-7.0.57\webapps\Z0162S\portal\H5\officegen\docx_weekreport\make_docx.js --log "weekreport_docx wrapper" --grow 0.25 --wait 1 --maxrestarts 40 --abortonerror n --stopparentfirst undefined
2020-05-06 14:17:54 - Started 5012
